{"fullName":"Zoran Cvejovic","level":"info","message":"Reqistration request:","password":"123","timestamp":"2024-06-19T08:41:02.507Z","username":"zoran"}
{"level":"info","message":"User registred successfully:","timestamp":"2024-06-19T08:41:02.673Z"}
{"level":"error","message":"Wrong username or password","timestamp":"2024-06-19T08:41:56.382Z"}
{"level":"info","message":"User logged in successfully:","timestamp":"2024-06-19T08:42:01.685Z"}
{"level":"error","message":"Error in login controller:","timestamp":"2024-06-19T08:42:09.399Z"}
{"level":"info","message":"User logged in successfully:","timestamp":"2024-06-19T08:42:18.892Z"}
{"level":"error","message":"Wrong username or password","timestamp":"2024-06-19T08:42:21.506Z"}
{"level":"error","message":"Error in login controller:","timestamp":"2024-06-19T08:42:32.349Z"}
{"level":"error","message":"Error in login controller:","timestamp":"2024-06-19T08:43:10.218Z"}
{"level":"error","message":"Error in login controller:","timestamp":"2024-06-19T08:44:32.676Z"}
{"level":"info","message":"User logged in successfully:","timestamp":"2024-06-19T08:44:36.816Z"}
{"level":"error","message":"Wrong username or password","timestamp":"2024-06-19T08:44:50.477Z"}
{"level":"info","message":"User logged in successfully:","timestamp":"2024-06-19T08:45:23.374Z"}
{"level":"error","message":"Error in login controller:","timestamp":"2024-06-19T08:45:26.147Z"}
{"level":"info","message":"User logged in successfully:","timestamp":"2024-06-19T08:46:17.115Z"}
{"level":"error","message":"Error in login controller:","timestamp":"2024-06-19T08:46:20.161Z"}
{"level":"error","message":"Wrong username or password","timestamp":"2024-06-19T08:46:24.845Z"}
{"level":"error","message":"Error in login controller:","timestamp":"2024-06-19T08:46:39.102Z"}
{"level":"error","message":"Error in login controller:","timestamp":"2024-06-19T08:46:50.811Z"}
{"level":"info","message":"User logged out successfully","timestamp":"2024-06-19T08:49:23.117Z"}
{"fullName":"ADMIN","level":"info","message":"Reqistration request:","password":"123","timestamp":"2024-06-19T08:49:53.024Z","username":"Admin"}
{"level":"info","message":"User registred successfully:","timestamp":"2024-06-19T08:49:53.129Z"}
{"level":"info","message":"Task created successfully","timestamp":"2024-06-19T09:32:53.281Z"}
{"level":"error","message":"Error updating task:","timestamp":"2024-06-19T09:34:48.041Z"}
{"level":"error","message":"Error updating task:","timestamp":"2024-06-19T09:35:33.596Z"}
{"level":"info","message":"Task marked as deleted successfully","timestamp":"2024-06-19T09:35:38.998Z"}
{"buffer":{"data":[102,114,165,197,83,211,193,202,163,106,58,162],"type":"Buffer"},"level":"info","message":"Task updated successfully:","timestamp":"2024-06-19T09:36:17.841Z"}
{"level":"info","message":"Task created successfully","timestamp":"2024-06-19T09:51:07.814Z"}
{"fullName":"Aleksandar","level":"info","message":"Reqistration request:","password":"123","timestamp":"2024-06-19T09:52:53.571Z","username":"Aco"}
{"level":"info","message":"User registred successfully:","timestamp":"2024-06-19T09:52:53.640Z"}
{"level":"info","message":"Task created successfully","timestamp":"2024-06-19T09:53:59.451Z"}
{"level":"error","message":"Error in login controller:","timestamp":"2024-06-19T10:42:07.968Z"}
{"level":"info","message":"User logged in successfully:","timestamp":"2024-06-19T10:42:15.000Z"}
{"level":"error","message":"Wrong username or password","timestamp":"2024-06-19T10:42:40.982Z"}
{"level":"info","message":"User logged in successfully:","timestamp":"2024-06-19T10:42:51.358Z"}
{"level":"info","message":"User logged in successfully:","timestamp":"2024-06-19T10:45:40.535Z"}
{"level":"error","message":"Error in login controller:","timestamp":"2024-06-19T10:45:52.430Z"}
{"level":"error","message":"Error in login controller:","timestamp":"2024-06-19T10:46:47.432Z"}
{"level":"error","message":"Wrong username or password","timestamp":"2024-06-19T10:46:54.137Z"}
{"level":"info","message":"User logged in successfully:","timestamp":"2024-06-19T10:46:58.487Z"}
{"level":"info","message":"User logged in successfully:","timestamp":"2024-06-19T10:54:56.619Z"}
{"level":"info","message":"User logged out successfully","timestamp":"2024-06-19T10:54:58.044Z"}
{"level":"info","message":"User logged in successfully:","timestamp":"2024-06-19T10:55:05.400Z"}
{"level":"info","message":"User logged out successfully","timestamp":"2024-06-19T10:55:07.180Z"}
{"level":"info","message":"User logged in successfully:","timestamp":"2024-06-19T10:55:11.305Z"}
{"level":"info","message":"User logged out successfully","timestamp":"2024-06-19T10:55:38.772Z"}
{"level":"info","message":"User logged in successfully:","timestamp":"2024-06-19T10:55:41.714Z"}
{"level":"info","message":"User logged out successfully","timestamp":"2024-06-19T10:55:53.255Z"}
{"level":"info","message":"User logged in successfully:","timestamp":"2024-06-19T11:17:25.140Z"}
{"level":"info","message":"User logged out successfully","timestamp":"2024-06-19T11:17:26.942Z"}
{"fullName":"Nemanja","level":"info","message":"Reqistration request:","password":"123456","timestamp":"2024-06-19T11:23:39.072Z","username":"nemanja"}
{"level":"info","message":"User registred successfully:","timestamp":"2024-06-19T11:23:39.141Z"}
{"level":"info","message":"User logged out successfully","timestamp":"2024-06-19T11:23:47.087Z"}
{"level":"error","message":"Error in login controller:","timestamp":"2024-06-19T11:23:51.944Z"}
{"level":"error","message":"Wrong username or password","timestamp":"2024-06-19T11:23:57.208Z"}
{"level":"info","message":"User logged in successfully:","timestamp":"2024-06-19T11:24:01.537Z"}
{"level":"info","message":"User logged out successfully","timestamp":"2024-06-19T11:24:08.347Z"}
{"level":"error","message":"Error in login controller:","timestamp":"2024-06-19T11:25:15.955Z"}
{"level":"info","message":"User logged in successfully:","timestamp":"2024-06-19T11:25:29.469Z"}
{"level":"info","message":"User logged out successfully","timestamp":"2024-06-19T11:25:46.357Z"}
{"level":"info","message":"User logged in successfully:","timestamp":"2024-06-19T11:42:39.671Z"}
{"level":"info","message":"User logged out successfully","timestamp":"2024-06-19T11:42:40.846Z"}
{"level":"info","message":"User logged in successfully:","timestamp":"2024-06-19T12:12:00.653Z"}
{"level":"info","message":"User logged out successfully","timestamp":"2024-06-19T12:12:07.241Z"}
{"level":"info","message":"User logged in successfully:","timestamp":"2024-06-19T12:12:10.357Z"}
{"level":"info","message":"User logged out successfully","timestamp":"2024-06-19T12:13:50.826Z"}
{"level":"error","message":"Error in login controller:","timestamp":"2024-06-19T12:13:55.011Z"}
{"level":"info","message":"User logged in successfully:","timestamp":"2024-06-19T12:14:18.605Z"}
{"level":"info","message":"User logged out successfully","timestamp":"2024-06-19T12:14:25.707Z"}
{"level":"error","message":"Error in login controller:","timestamp":"2024-06-19T12:14:29.401Z"}
{"level":"error","message":"Error in login controller:","timestamp":"2024-06-19T12:14:30.309Z"}
{"level":"error","message":"Error in login controller:","timestamp":"2024-06-19T12:14:30.723Z"}
{"level":"error","message":"Error in login controller:","timestamp":"2024-06-19T12:14:31.062Z"}
{"level":"error","message":"Error in login controller:","timestamp":"2024-06-19T12:14:35.271Z"}
{"level":"info","message":"User logged in successfully:","timestamp":"2024-06-19T12:17:00.996Z"}
{"level":"info","message":"User logged out successfully","timestamp":"2024-06-19T12:17:03.115Z"}
{"level":"error","message":"Wrong username or password","timestamp":"2024-06-19T12:17:06.345Z"}
{"level":"error","message":"Wrong username or password","timestamp":"2024-06-19T12:17:08.287Z"}
{"level":"error","message":"Wrong username or password","timestamp":"2024-06-19T12:17:09.799Z"}
{"level":"error","message":"Wrong username or password","timestamp":"2024-06-19T12:17:11.345Z"}
{"level":"error","message":"Wrong username or password","timestamp":"2024-06-19T12:17:11.562Z"}
{"level":"error","message":"Wrong username or password","timestamp":"2024-06-19T12:17:11.728Z"}
{"level":"error","message":"Wrong username or password","timestamp":"2024-06-19T12:17:11.892Z"}
{"level":"error","message":"Wrong username or password","timestamp":"2024-06-19T12:17:12.054Z"}
{"level":"error","message":"Wrong username or password","timestamp":"2024-06-19T12:17:12.214Z"}
{"level":"error","message":"Wrong username or password","timestamp":"2024-06-19T12:17:12.368Z"}
{"level":"error","message":"Wrong username or password","timestamp":"2024-06-19T12:17:12.512Z"}
{"level":"error","message":"Wrong username or password","timestamp":"2024-06-19T12:17:22.665Z"}
{"level":"info","message":"User logged in successfully:","timestamp":"2024-06-19T12:17:28.787Z"}
{"level":"info","message":"User logged out successfully","timestamp":"2024-06-19T12:19:42.025Z"}
{"level":"info","message":"User logged in successfully:","timestamp":"2024-06-19T12:19:45.788Z"}
{"level":"error","message":"Error fetching tasks by user","timestamp":"2024-06-19T12:28:08.138Z"}
{"level":"error","message":"Error fetching tasks by user","timestamp":"2024-06-19T12:28:08.141Z"}
{"level":"error","message":"Error fetching tasks by user","timestamp":"2024-06-19T12:29:54.041Z"}
{"level":"error","message":"Error fetching tasks by user","timestamp":"2024-06-19T12:29:54.050Z"}
{"level":"info","message":"User logged out successfully","timestamp":"2024-06-19T12:29:54.472Z"}
{"level":"info","message":"User logged in successfully:","timestamp":"2024-06-19T12:29:59.352Z"}
{"level":"error","message":"Error fetching tasks by user","timestamp":"2024-06-19T12:29:59.370Z"}
{"level":"error","message":"Error fetching tasks by user","timestamp":"2024-06-19T12:29:59.373Z"}
{"level":"info","message":"User logged out successfully","timestamp":"2024-06-19T12:34:59.637Z"}
{"level":"info","message":"User logged in successfully:","timestamp":"2024-06-19T12:35:03.859Z"}
{"level":"info","message":"User logged out successfully","timestamp":"2024-06-19T12:35:30.486Z"}
{"level":"info","message":"User logged in successfully:","timestamp":"2024-06-19T12:35:38.805Z"}
{"level":"error","message":"Error fetching tasks by user","timestamp":"2024-06-19T12:36:25.293Z"}
{"level":"error","message":"Error fetching tasks by user","timestamp":"2024-06-19T12:36:26.683Z"}
{"level":"error","message":"Error fetching tasks by user","timestamp":"2024-06-19T12:36:26.685Z"}
{"level":"error","message":"Error fetching tasks by user","timestamp":"2024-06-19T12:36:46.366Z"}
{"level":"error","message":"Error fetching tasks by user","timestamp":"2024-06-19T12:36:49.074Z"}
{"level":"error","message":"Error fetching tasks by user","timestamp":"2024-06-19T12:36:49.076Z"}
{"level":"info","message":"User logged out successfully","timestamp":"2024-06-19T12:44:44.161Z"}
{"level":"info","message":"User logged in successfully:","timestamp":"2024-06-19T12:44:48.675Z"}
{"level":"info","message":"User logged out successfully","timestamp":"2024-06-19T13:22:09.980Z"}
{"level":"info","message":"User logged in successfully:","timestamp":"2024-06-19T13:22:13.736Z"}
{"level":"info","message":"User logged out successfully","timestamp":"2024-06-19T13:34:02.487Z"}
{"level":"info","message":"User logged in successfully:","timestamp":"2024-06-19T13:34:07.599Z"}
{"level":"info","message":"User logged out successfully","timestamp":"2024-06-19T13:37:35.424Z"}
{"level":"info","message":"User logged in successfully:","timestamp":"2024-06-19T13:37:40.913Z"}
{"level":"info","message":"User logged out successfully","timestamp":"2024-06-19T13:40:11.349Z"}
{"level":"info","message":"User logged in successfully:","timestamp":"2024-06-19T13:40:15.678Z"}
{"level":"info","message":"User logged out successfully","timestamp":"2024-06-19T13:40:42.939Z"}
{"level":"info","message":"User logged in successfully:","timestamp":"2024-06-19T13:40:46.353Z"}
{"level":"info","message":"User logged out successfully","timestamp":"2024-06-19T13:40:49.544Z"}
{"level":"info","message":"User logged in successfully:","timestamp":"2024-06-19T13:40:53.276Z"}
{"level":"info","message":"User logged out successfully","timestamp":"2024-06-19T13:40:58.465Z"}
{"level":"info","message":"User logged in successfully:","timestamp":"2024-06-19T13:43:24.250Z"}
{"level":"error","message":"Error updating task:","timestamp":"2024-06-19T13:43:48.167Z"}
{"level":"info","message":"Task marked as deleted successfully","timestamp":"2024-06-19T13:43:49.263Z"}
{"level":"info","message":"Task marked as deleted successfully","timestamp":"2024-06-19T13:44:13.753Z"}
{"level":"info","message":"User logged out successfully","timestamp":"2024-06-19T13:44:24.967Z"}
{"level":"info","message":"User logged in successfully:","timestamp":"2024-06-19T13:44:28.128Z"}
{"level":"error","message":"Error updating task:","timestamp":"2024-06-19T13:44:32.280Z"}
{"level":"info","message":"User logged out successfully","timestamp":"2024-06-19T13:44:38.417Z"}
{"level":"info","message":"User logged in successfully:","timestamp":"2024-06-19T13:44:42.765Z"}
{"level":"info","message":"User logged out successfully","timestamp":"2024-06-19T13:45:03.300Z"}
{"level":"info","message":"User logged in successfully:","timestamp":"2024-06-19T13:45:09.652Z"}
{"level":"info","message":"User logged out successfully","timestamp":"2024-06-19T13:45:23.881Z"}
{"level":"info","message":"User logged in successfully:","timestamp":"2024-06-19T13:45:31.871Z"}
{"level":"info","message":"User logged out successfully","timestamp":"2024-06-19T13:45:32.967Z"}
{"level":"info","message":"User logged in successfully:","timestamp":"2024-06-19T13:45:37.232Z"}
{"level":"info","message":"User logged out successfully","timestamp":"2024-06-19T13:47:05.212Z"}
{"level":"info","message":"User logged in successfully:","timestamp":"2024-06-19T13:47:12.557Z"}
{"level":"info","message":"User logged out successfully","timestamp":"2024-06-19T13:48:35.626Z"}
{"level":"info","message":"User logged in successfully:","timestamp":"2024-06-19T13:48:41.278Z"}
{"level":"info","message":"User logged out successfully","timestamp":"2024-06-19T14:07:31.193Z"}
{"level":"info","message":"User logged in successfully:","timestamp":"2024-06-19T14:07:37.572Z"}
{"level":"info","message":"User logged out successfully","timestamp":"2024-06-19T14:08:50.058Z"}
{"level":"error","message":"Wrong username or password","timestamp":"2024-06-19T14:08:57.194Z"}
{"level":"info","message":"User logged in successfully:","timestamp":"2024-06-19T14:09:01.715Z"}
{"level":"info","message":"User logged out successfully","timestamp":"2024-06-19T14:11:28.147Z"}
{"level":"info","message":"User logged in successfully:","timestamp":"2024-06-19T14:11:32.596Z"}
{"level":"info","message":"User logged out successfully","timestamp":"2024-06-19T14:11:41.715Z"}
{"level":"info","message":"User logged in successfully:","timestamp":"2024-06-19T14:11:45.160Z"}
{"level":"info","message":"User logged out successfully","timestamp":"2024-06-19T14:12:07.140Z"}
{"level":"info","message":"User logged in successfully:","timestamp":"2024-06-19T14:12:11.730Z"}
{"level":"info","message":"User logged out successfully","timestamp":"2024-06-19T14:12:25.909Z"}
{"level":"info","message":"User logged in successfully:","timestamp":"2024-06-19T14:14:09.616Z"}
{"level":"info","message":"User logged out successfully","timestamp":"2024-06-19T14:26:59.950Z"}
{"level":"info","message":"User logged in successfully:","timestamp":"2024-06-19T14:27:05.205Z"}
{"level":"info","message":"User logged out successfully","timestamp":"2024-06-19T14:27:07.422Z"}
{"level":"info","message":"User logged in successfully:","timestamp":"2024-06-19T14:27:11.153Z"}
{"level":"info","message":"User logged out successfully","timestamp":"2024-06-19T14:27:13.722Z"}
{"level":"info","message":"User logged in successfully:","timestamp":"2024-06-19T15:17:43.409Z"}
{"level":"info","message":"User logged out successfully","timestamp":"2024-06-19T15:19:25.251Z"}
{"level":"info","message":"User logged in successfully:","timestamp":"2024-06-19T15:19:29.809Z"}
{"level":"info","message":"Task created successfully","timestamp":"2024-06-19T15:23:12.290Z"}
{"level":"info","message":"Task created successfully","timestamp":"2024-06-19T15:24:45.255Z"}
{"level":"info","message":"User logged out successfully","timestamp":"2024-06-19T15:29:58.930Z"}
{"level":"info","message":"User logged in successfully:","timestamp":"2024-06-19T15:30:02.345Z"}
{"level":"info","message":"User logged out successfully","timestamp":"2024-06-19T15:30:09.633Z"}
{"fullName":"Damjan","level":"info","message":"Reqistration request:","password":"123456","timestamp":"2024-06-19T15:30:18.319Z","username":"daki"}
{"level":"info","message":"User registred successfully:","timestamp":"2024-06-19T15:30:18.385Z"}
{"level":"info","message":"User logged out successfully","timestamp":"2024-06-19T15:30:26.017Z"}
{"level":"info","message":"User logged in successfully:","timestamp":"2024-06-19T15:30:40.806Z"}
{"level":"info","message":"User logged out successfully","timestamp":"2024-06-19T15:30:49.300Z"}
{"level":"info","message":"User logged in successfully:","timestamp":"2024-06-19T15:31:25.437Z"}
{"level":"info","message":"User logged out successfully","timestamp":"2024-06-19T15:31:39.085Z"}
